Line 84: Class prjXTab.XTab of control XTab1 was not a loaded control class.
Line 90: The property name _ExtentX in XTab1 is invalid.
Line 91: The property name _ExtentY in XTab1 is invalid.
Line 92: The property name TabCount in XTab1 is invalid.
Line 93: The property name TabCaption(0) in XTab1 is invalid.
Line 94: The property name TabContCtrlCnt(0) in XTab1 is invalid.
Line 95: The property name Tab(0)ContCtrlCap(1) in XTab1 is invalid.
Line 96: The property name TabCaption(1) in XTab1 is invalid.
Line 97: The property name TabContCtrlCnt(1) in XTab1 is invalid.
Line 98: The property name Tab(1)ContCtrlCap(1) in XTab1 is invalid.
Line 99: The property name TabCaption(2) in XTab1 is invalid.
Line 100: The property name TabContCtrlCnt(2) in XTab1 is invalid.
Line 101: The property name Tab(2)ContCtrlCap(1) in XTab1 is invalid.
Line 102: The property name TabCaption(3) in XTab1 is invalid.
Line 103: The property name TabContCtrlCnt(3) in XTab1 is invalid.
Line 104: The property name Tab(3)ContCtrlCap(1) in XTab1 is invalid.
Line 105: The property name TabCaption(4) in XTab1 is invalid.
Line 106: The property name TabContCtrlCnt(4) in XTab1 is invalid.
Line 107: The property name Tab(4)ContCtrlCap(1) in XTab1 is invalid.
Line 108: The property name TabTheme in XTab1 is invalid.
Line 109: The property name ActiveTabBackStartColor in XTab1 is invalid.
Line 110: The property name ActiveTabBackEndColor in XTab1 is invalid.
Line 111: The property name InActiveTabBackStartColor in XTab1 is invalid.
Line 112: The property name InActiveTabBackEndColor in XTab1 is invalid.
Line 121: The property name ActiveTabFont in XTab1 is invalid.
Line 130: The property name InActiveTabFont in XTab1 is invalid.
Line 131: The property name OuterBorderColor in XTab1 is invalid.
Line 132: The property name DisabledTabBackColor in XTab1 is invalid.
Line 133: The property name DisabledTabForeColor in XTab1 is invalid.
